# JRE version: Java(TM) SE Runtime Environment (8.0_131-b11) (build 1.8.0_131-b11)
# Java VM: Java HotSpot(TM) Client VM (25.131-b11 mixed mode windows-x86 )
Heap:
 def new generation   total 80384K, used 70494K [0x03e00000, 0x09530000, 0x19350000)
  eden space 71488K,  92% used [0x03e00000, 0x07e4e988, 0x083d0000)
  from space 8896K,  52% used [0x08c80000, 0x09108fe0, 0x09530000)
  to   space 8896K,   0% used [0x083d0000, 0x083d0000, 0x08c80000)
 tenured generation   total 178320K, used 170303K [0x19350000, 0x24174000, 0x43e00000)
   the space 178320K,  95% used [0x19350000, 0x2399fc98, 0x2399fe00, 0x24174000)
 Metaspace       used 53382K, capacity 55680K, committed 55808K, reserved 56704K
GC Heap History (10 events):
Event: 481.316 GC heap before
{Heap before GC invocations=171 (full 10):
 def new generation   total 80384K, used 80384K [0x03e00000, 0x09530000, 0x19350000)
  eden space 71488K, 100% used [0x03e00000, 0x083d0000, 0x083d0000)
  from space 8896K, 100% used [0x083d0000, 0x08c80000, 0x08c80000)
  to   space 8896K,   0% used [0x08c80000, 0x08c80000, 0x09530000)
 tenured generation   total 178320K, used 149792K [0x19350000, 0x24174000, 0x43e00000)
   the space 178320K,  84% used [0x19350000, 0x22598000, 0x22598000, 0x24174000)
 Metaspace       used 48363K, capacity 50108K, committed 50176K, reserved 50560K
Event: 481.341 GC heap after
Heap after GC invocations=172 (full 10):
 def new generation   total 80384K, used 3321K [0x03e00000, 0x09530000, 0x19350000)
  eden space 71488K,   0% used [0x03e00000, 0x03e00000, 0x083d0000)
  from space 8896K,  37% used [0x08c80000, 0x08fbe630, 0x09530000)
  to   space 8896K,   0% used [0x083d0000, 0x083d0000, 0x08c80000)
 tenured generation   total 178320K, used 154841K [0x19350000, 0x24174000, 0x43e00000)
   the space 178320K,  86% used [0x19350000, 0x22a86460, 0x22a86600, 0x24174000)
 Metaspace       used 48363K, capacity 50108K, committed 50176K, reserved 50560K
}
Event: 483.719 GC heap before
{Heap before GC invocations=172 (full 10):
 def new generation   total 80384K, used 74809K [0x03e00000, 0x09530000, 0x19350000)
  eden space 71488K, 100% used [0x03e00000, 0x083d0000, 0x083d0000)
  from space 8896K,  37% used [0x08c80000, 0x08fbe630, 0x09530000)
  to   space 8896K,   0% used [0x083d0000, 0x083d0000, 0x08c80000)
 tenured generation   total 178320K, used 154841K [0x19350000, 0x24174000, 0x43e00000)
   the space 178320K,  86% used [0x19350000, 0x22a86460, 0x22a86600, 0x24174000)
 Metaspace       used 50085K, capacity 52031K, committed 52096K, reserved 52608K
Event: 483.742 GC heap after
Heap after GC invocations=173 (full 10):
 def new generation   total 80384K, used 7060K [0x03e00000, 0x09530000, 0x19350000)
  eden space 71488K,   0% used [0x03e00000, 0x03e00000, 0x083d0000)
  from space 8896K,  79% used [0x083d0000, 0x08ab51c0, 0x08c80000)
  to   space 8896K,   0% used [0x08c80000, 0x08c80000, 0x09530000)
 tenured generation   total 178320K, used 154841K [0x19350000, 0x24174000, 0x43e00000)
   the space 178320K,  86% used [0x19350000, 0x22a86460, 0x22a86600, 0x24174000)
 Metaspace       used 50085K, capacity 52031K, committed 52096K, reserved 52608K
}
Event: 484.103 GC heap before
{Heap before GC invocations=173 (full 10):
 def new generation   total 80384K, used 78548K [0x03e00000, 0x09530000, 0x19350000)
  eden space 71488K, 100% used [0x03e00000, 0x083d0000, 0x083d0000)
  from space 8896K,  79% used [0x083d0000, 0x08ab51c0, 0x08c80000)
  to   space 8896K,   0% used [0x08c80000, 0x08c80000, 0x09530000)
 tenured generation   total 178320K, used 154841K [0x19350000, 0x24174000, 0x43e00000)
   the space 178320K,  86% used [0x19350000, 0x22a86460, 0x22a86600, 0x24174000)
 Metaspace       used 50118K, capacity 52091K, committed 52096K, reserved 52608K
Event: 484.135 GC heap after
Heap after GC invocations=174 (full 10):
 def new generation   total 80384K, used 5227K [0x03e00000, 0x09530000, 0x19350000)
  eden space 71488K,   0% used [0x03e00000, 0x03e00000, 0x083d0000)
  from space 8896K,  58% used [0x08c80000, 0x0919aeb8, 0x09530000)
  to   space 8896K,   0% used [0x083d0000, 0x083d0000, 0x08c80000)
 tenured generation   total 178320K, used 160105K [0x19350000, 0x24174000, 0x43e00000)
   the space 178320K,  89% used [0x19350000, 0x22faa7a8, 0x22faa800, 0x24174000)
 Metaspace       used 50118K, capacity 52091K, committed 52096K, reserved 52608K
}
Event: 494.882 GC heap before
{Heap before GC invocations=174 (full 10):
 def new generation   total 80384K, used 76715K [0x03e00000, 0x09530000, 0x19350000)
  eden space 71488K, 100% used [0x03e00000, 0x083d0000, 0x083d0000)
  from space 8896K,  58% used [0x08c80000, 0x0919aeb8, 0x09530000)
  to   space 8896K,   0% used [0x083d0000, 0x083d0000, 0x08c80000)
 tenured generation   total 178320K, used 160105K [0x19350000, 0x24174000, 0x43e00000)
   the space 178320K,  89% used [0x19350000, 0x22faa7a8, 0x22faa800, 0x24174000)
 Metaspace       used 51468K, capacity 53639K, committed 53760K, reserved 54656K
Event: 494.917 GC heap after
Heap after GC invocations=175 (full 10):
 def new generation   total 80384K, used 6715K [0x03e00000, 0x09530000, 0x19350000)
  eden space 71488K,   0% used [0x03e00000, 0x03e00000, 0x083d0000)
  from space 8896K,  75% used [0x083d0000, 0x08a5ee88, 0x08c80000)
  to   space 8896K,   0% used [0x08c80000, 0x08c80000, 0x09530000)
 tenured generation   total 178320K, used 165284K [0x19350000, 0x24174000, 0x43e00000)
   the space 178320K,  92% used [0x19350000, 0x234b9060, 0x234b9200, 0x24174000)
 Metaspace       used 51468K, capacity 53639K, committed 53760K, reserved 54656K
}
Event: 506.490 GC heap before
{Heap before GC invocations=175 (full 10):
 def new generation   total 80384K, used 78203K [0x03e00000, 0x09530000, 0x19350000)
  eden space 71488K, 100% used [0x03e00000, 0x083d0000, 0x083d0000)
  from space 8896K,  75% used [0x083d0000, 0x08a5ee88, 0x08c80000)
  to   space 8896K,   0% used [0x08c80000, 0x08c80000, 0x09530000)
 tenured generation   total 178320K, used 165284K [0x19350000, 0x24174000, 0x43e00000)
   the space 178320K,  92% used [0x19350000, 0x234b9060, 0x234b9200, 0x24174000)
 Metaspace       used 52722K, capacity 55003K, committed 55040K, reserved 55680K
Event: 506.533 GC heap after
Heap after GC invocations=176 (full 10):
 def new generation   total 80384K, used 4643K [0x03e00000, 0x09530000, 0x19350000)
  eden space 71488K,   0% used [0x03e00000, 0x03e00000, 0x083d0000)
  from space 8896K,  52% used [0x08c80000, 0x09108fe0, 0x09530000)
  to   space 8896K,   0% used [0x083d0000, 0x083d0000, 0x08c80000)
 tenured generation   total 178320K, used 170303K [0x19350000, 0x24174000, 0x43e00000)
   the space 178320K,  95% used [0x19350000, 0x2399fc98, 0x2399fe00, 0x24174000)
 Metaspace       used 52722K, capacity 55003K, committed 55040K, reserved 55680K
}

